2024-03-31 20:25:20.744 +08:00 [BookStoreAbpProject.Web.Host] [Information] SkyApm.InstrumentStartup : Initializing ...
2024-03-31 20:25:20.883 +08:00 [BookStoreAbpProject.Web.Host] [Information] SkyApm.Service.RegisterService : Loaded instrument service [SkyApm.Service.RegisterService].
2024-03-31 20:25:20.883 +08:00 [BookStoreAbpProject.Web.Host] [Information] SkyApm.Service.LogReportService : Loaded instrument service [SkyApm.Service.LogReportService].
2024-03-31 20:25:20.883 +08:00 [BookStoreAbpProject.Web.Host] [Information] SkyApm.Service.PingService : Loaded instrument service [SkyApm.Service.PingService].
2024-03-31 20:25:20.884 +08:00 [BookStoreAbpProject.Web.Host] [Information] SkyApm.Service.SegmentReportService : Loaded instrument service [SkyApm.Service.SegmentReportService].
2024-03-31 20:25:20.884 +08:00 [BookStoreAbpProject.Web.Host] [Information] SkyApm.Service.CLRStatsService : Loaded instrument service [SkyApm.Service.CLRStatsService].
2024-03-31 20:25:20.884 +08:00 [BookStoreAbpProject.Web.Host] [Information] SkyApm.Sampling.SimpleCountSamplingInterceptor : Loaded instrument service [SkyApm.Sampling.SimpleCountSamplingInterceptor].
2024-03-31 20:25:20.884 +08:00 [BookStoreAbpProject.Web.Host] [Information] SkyApm.Transport.Grpc.ConnectService : Loaded instrument service [SkyApm.Transport.Grpc.ConnectService].
2024-03-31 20:25:21.050 +08:00 [BookStoreAbpProject.Web.Host] [Information] SkyApm.Diagnostics.TracingDiagnosticProcessorObserver : Loaded diagnostic listener [Microsoft.AspNetCore].
2024-03-31 20:25:21.050 +08:00 [BookStoreAbpProject.Web.Host] [Information] SkyApm.InstrumentStartup : Started SkyAPM .NET Core Agent.
2024-03-31 20:25:21.105 +08:00 [BookStoreAbpProject.Web.Host] [Information] SkyApm.Transport.Grpc.ConnectionManager : Connected server[192.168.64.128:11800].
2024-03-31 20:25:22.756 +08:00 [BookStoreAbpProject.Web.Host] [Information] SkyApm.Diagnostics.TracingDiagnosticProcessorObserver : Loaded diagnostic listener [Grpc.Net.Client].
2024-03-31 20:25:31.161 +08:00 [BookStoreAbpProject.Web.Host] [Information] SkyApm.Diagnostics.TracingDiagnosticProcessorObserver : Loaded diagnostic listener [Microsoft.EntityFrameworkCore].
2024-03-31 20:25:33.764 +08:00 [BookStoreAbpProject.Web.Host] [Error] SkyApm.Transport.Grpc.V8.ServiceRegister : Report service instance properties fail.
Grpc.Core.RpcException: Status(StatusCode="DeadlineExceeded", Detail="")
   at SkyApm.Transport.Grpc.V8.ServiceRegister.<>c__DisplayClass9_0.<<ReportInstancePropertiesAsync>b__0>d.MoveNext()
--- End of stack trace from previous location ---
   at SkyApm.Transport.Grpc.Common.Call.Execute[T](Func`1 task, Func`1 errCallback, Func`1 errMessage)
2024-03-31 20:25:33.765 +08:00 [BookStoreAbpProject.Web.Host] [Warning] SkyApm.Transport.Grpc.ConnectionManager : Connection state changed. Status(StatusCode="DeadlineExceeded", Detail="")
2024-03-31 20:25:35.905 +08:00 [BookStoreAbpProject.Web.Host] [Information] SkyApm.Transport.Grpc.ConnectionManager : Shutdown connection[192.168.64.128:11800].
2024-03-31 20:25:35.906 +08:00 [BookStoreAbpProject.Web.Host] [Information] SkyApm.Transport.Grpc.ConnectionManager : Connected server[192.168.64.128:11800].
2024-03-31 20:26:01.263 +08:00 [BookStoreAbpProject.Web.Host] [Error] SkyApm.Transport.Grpc.V8.ServiceRegister : Report service instance properties fail.
Grpc.Core.RpcException: Status(StatusCode="DeadlineExceeded", Detail="")
   at SkyApm.Transport.Grpc.V8.ServiceRegister.<>c__DisplayClass9_0.<<ReportInstancePropertiesAsync>b__0>d.MoveNext()
--- End of stack trace from previous location ---
   at SkyApm.Transport.Grpc.Common.Call.Execute[T](Func`1 task, Func`1 errCallback, Func`1 errMessage)
2024-03-31 20:26:01.263 +08:00 [BookStoreAbpProject.Web.Host] [Warning] SkyApm.Transport.Grpc.ConnectionManager : Connection state changed. Status(StatusCode="DeadlineExceeded", Detail="")
2024-03-31 20:26:05.901 +08:00 [BookStoreAbpProject.Web.Host] [Information] SkyApm.Transport.Grpc.ConnectionManager : Shutdown connection[192.168.64.128:11800].
2024-03-31 20:26:05.901 +08:00 [BookStoreAbpProject.Web.Host] [Information] SkyApm.Transport.Grpc.ConnectionManager : Connected server[192.168.64.128:11800].
